# JRE version: OpenJDK Runtime Environment (18.0.1.1+2) (build 18.0.1.1+2-6)
# Java VM: OpenJDK 64-Bit Server VM (18.0.1.1+2-6, mixed mode, sharing, tiered, compressed oops, compressed class ptrs, g1 gc, windows-amd64)
GC Precious Log:
 CardTable entry size: 512
 Card Set container configuration: InlinePtr #cards 5 size 8 Array Of Cards #cards 12 size 40 Howl #buckets 4 coarsen threshold 1843 Howl Bitmap #cards 512 size 80 coarsen threshold 460 Card regions per heap region 1 cards per card region 2048
 CPUs: 4 total, 4 available
 Memory: 7589M
 Large Page Support: Disabled
 NUMA Support: Disabled
 Compressed Oops: Enabled (32-bit)
 Heap Region Size: 1M
 Heap Min Capacity: 8M
 Heap Initial Capacity: 120M
 Heap Max Capacity: 1898M
 Pre-touch: Disabled
 Parallel Workers: 4
 Concurrent Workers: 1
 Concurrent Refinement Workers: 4
 Periodic GC: Disabled
Heap:
 garbage-first heap   total 59392K, used 34389K [0x0000000089600000, 0x0000000100000000)
  region size 1024K, 7 young (7168K), 1 survivors (1024K)
 Metaspace       used 29387K, committed 29696K, reserved 1114112K
  class space    used 3791K, committed 3968K, reserved 1048576K
GC Heap History (16 events):
Event: 1.735 GC heap before
{Heap before GC invocations=0 (full 0):
 garbage-first heap   total 122880K, used 12288K [0x0000000089600000, 0x0000000100000000)
  region size 1024K, 13 young (13312K), 0 survivors (0K)
 Metaspace       used 2316K, committed 2496K, reserved 1114112K
  class space    used 227K, committed 320K, reserved 1048576K
}
Event: 1.739 GC heap after
{Heap after GC invocations=1 (full 0):
 garbage-first heap   total 122880K, used 3595K [0x0000000089600000, 0x0000000100000000)
  region size 1024K, 2 young (2048K), 2 survivors (2048K)
 Metaspace       used 2316K, committed 2496K, reserved 1114112K
  class space    used 227K, committed 320K, reserved 1048576K
}
Event: 2.474 GC heap before
{Heap before GC invocations=1 (full 0):
 garbage-first heap   total 122880K, used 15883K [0x0000000089600000, 0x0000000100000000)
  region size 1024K, 15 young (15360K), 2 survivors (2048K)
 Metaspace       used 6920K, committed 7104K, reserved 1114112K
  class space    used 852K, committed 960K, reserved 1048576K
}
Event: 2.479 GC heap after
{Heap after GC invocations=2 (full 0):
 garbage-first heap   total 122880K, used 5582K [0x0000000089600000, 0x0000000100000000)
  region size 1024K, 2 young (2048K), 2 survivors (2048K)
 Metaspace       used 6920K, committed 7104K, reserved 1114112K
  class space    used 852K, committed 960K, reserved 1048576K
}
Event: 3.901 GC heap before
{Heap before GC invocations=2 (full 0):
 garbage-first heap   total 122880K, used 33230K [0x0000000089600000, 0x0000000100000000)
  region size 1024K, 29 young (29696K), 2 survivors (2048K)
 Metaspace       used 14497K, committed 14784K, reserved 1114112K
  class space    used 2108K, committed 2240K, reserved 1048576K
}
Event: 3.907 GC heap after
{Heap after GC invocations=3 (full 0):
 garbage-first heap   total 122880K, used 9513K [0x0000000089600000, 0x0000000100000000)
  region size 1024K, 4 young (4096K), 4 survivors (4096K)
 Metaspace       used 14497K, committed 14784K, reserved 1114112K
  class space    used 2108K, committed 2240K, reserved 1048576K
}
Event: 8.492 GC heap before
{Heap before GC invocations=3 (full 0):
 garbage-first heap   total 122880K, used 25896K [0x0000000089600000, 0x0000000100000000)
  region size 1024K, 20 young (20480K), 4 survivors (4096K)
 Metaspace       used 21277K, committed 21504K, reserved 1114112K
  class space    used 2832K, committed 2944K, reserved 1048576K
}
Event: 8.500 GC heap after
{Heap after GC invocations=4 (full 0):
 garbage-first heap   total 122880K, used 14767K [0x0000000089600000, 0x0000000100000000)
  region size 1024K, 8 young (8192K), 8 survivors (8192K)
 Metaspace       used 21277K, committed 21504K, reserved 1114112K
  class space    used 2832K, committed 2944K, reserved 1048576K
}
Event: 15.153 GC heap before
{Heap before GC invocations=5 (full 0):
 garbage-first heap   total 58368K, used 46511K [0x0000000089600000, 0x0000000100000000)
  region size 1024K, 34 young (34816K), 8 survivors (8192K)
 Metaspace       used 27212K, committed 27584K, reserved 1114112K
  class space    used 3678K, committed 3840K, reserved 1048576K
}
Event: 15.168 GC heap after
{Heap after GC invocations=6 (full 0):
 garbage-first heap   total 59392K, used 20836K [0x0000000089600000, 0x0000000100000000)
  region size 1024K, 4 young (4096K), 4 survivors (4096K)
 Metaspace       used 27212K, committed 27584K, reserved 1114112K
  class space    used 3678K, committed 3840K, reserved 1048576K
}
Event: 21.117 GC heap before
{Heap before GC invocations=6 (full 0):
 garbage-first heap   total 59392K, used 40292K [0x0000000089600000, 0x0000000100000000)
  region size 1024K, 23 young (23552K), 4 survivors (4096K)
 Metaspace       used 28748K, committed 29056K, reserved 1114112K
  class space    used 3771K, committed 3904K, reserved 1048576K
}
Event: 21.125 GC heap after
{Heap after GC invocations=7 (full 0):
 garbage-first heap   total 59392K, used 23849K [0x0000000089600000, 0x0000000100000000)
  region size 1024K, 3 young (3072K), 3 survivors (3072K)
 Metaspace       used 28748K, committed 29056K, reserved 1114112K
  class space    used 3771K, committed 3904K, reserved 1048576K
}
Event: 30.606 GC heap before
{Heap before GC invocations=7 (full 0):
 garbage-first heap   total 59392K, used 44329K [0x0000000089600000, 0x0000000100000000)
  region size 1024K, 21 young (21504K), 3 survivors (3072K)
 Metaspace       used 29101K, committed 29440K, reserved 1114112K
  class space    used 3785K, committed 3904K, reserved 1048576K
}
Event: 30.616 GC heap after
{Heap after GC invocations=8 (full 0):
 garbage-first heap   total 59392K, used 28759K [0x0000000089600000, 0x0000000100000000)
  region size 1024K, 3 young (3072K), 3 survivors (3072K)
 Metaspace       used 29101K, committed 29440K, reserved 1114112K
  class space    used 3785K, committed 3904K, reserved 1048576K
}
Event: 726.119 GC heap before
{Heap before GC invocations=8 (full 0):
 garbage-first heap   total 59392K, used 41047K [0x0000000089600000, 0x0000000100000000)
  region size 1024K, 16 young (16384K), 3 survivors (3072K)
 Metaspace       used 29316K, committed 29696K, reserved 1114112K
  class space    used 3791K, committed 3968K, reserved 1048576K
}
Event: 726.232 GC heap after
{Heap after GC invocations=9 (full 0):
 garbage-first heap   total 59392K, used 29269K [0x0000000089600000, 0x0000000100000000)
  region size 1024K, 1 young (1024K), 1 survivors (1024K)
 Metaspace       used 29316K, committed 29696K, reserved 1114112K
  class space    used 3791K, committed 3968K, reserved 1048576K
}

